# JRE version: OpenJDK Runtime Environment (8.0_152-b02) (build 1.8.0_152-release-1024-b02)
# Java VM: OpenJDK 64-Bit Server VM (25.152-b02 mixed mode windows-amd64 compressed oops)
Heap:
 PSYoungGen      total 349184K, used 66718K [0x00000000e0000000, 0x00000000fec80000, 0x0000000100000000)
  eden space 193536K, 0% used [0x00000000e0000000,0x00000000e0000000,0x00000000ebd00000)
  from space 155648K, 42% used [0x00000000ebd00000,0x00000000efe27838,0x00000000f5500000)
  to   space 148480K, 0% used [0x00000000f5b80000,0x00000000f5b80000,0x00000000fec80000)
 ParOldGen       total 205312K, used 185030K [0x00000000a0000000, 0x00000000ac880000, 0x00000000e0000000)
  object space 205312K, 90% used [0x00000000a0000000,0x00000000ab4b1a40,0x00000000ac880000)
 Metaspace       used 88914K, capacity 96834K, committed 97112K, reserved 1132544K
  class space    used 11380K, capacity 13383K, committed 13440K, reserved 1048576K
GC Heap History (10 events):
Event: 2475.281 GC heap after
Heap after GC invocations=36 (full 3):
 PSYoungGen      total 346112K, used 126997K [0x00000000e0000000, 0x0000000100000000, 0x0000000100000000)
  eden space 184832K, 0% used [0x00000000e0000000,0x00000000e0000000,0x00000000eb480000)
  from space 161280K, 78% used [0x00000000eb480000,0x00000000f3085750,0x00000000f5200000)
  to   space 172544K, 0% used [0x00000000f5780000,0x00000000f5780000,0x0000000100000000)
 ParOldGen       total 205312K, used 116332K [0x00000000a0000000, 0x00000000ac880000, 0x00000000e0000000)
  object space 205312K, 56% used [0x00000000a0000000,0x00000000a719b228,0x00000000ac880000)
 Metaspace       used 87447K, capacity 94974K, committed 95064K, reserved 1130496K
  class space    used 11238K, capacity 13134K, committed 13184K, reserved 1048576K
}
Event: 4908.064 GC heap before
{Heap before GC invocations=37 (full 3):
 PSYoungGen      total 346112K, used 311829K [0x00000000e0000000, 0x0000000100000000, 0x0000000100000000)
  eden space 184832K, 100% used [0x00000000e0000000,0x00000000eb480000,0x00000000eb480000)
  from space 161280K, 78% used [0x00000000eb480000,0x00000000f3085750,0x00000000f5200000)
  to   space 172544K, 0% used [0x00000000f5780000,0x00000000f5780000,0x0000000100000000)
 ParOldGen       total 205312K, used 116332K [0x00000000a0000000, 0x00000000ac880000, 0x00000000e0000000)
  object space 205312K, 56% used [0x00000000a0000000,0x00000000a719b228,0x00000000ac880000)
 Metaspace       used 87848K, capacity 95498K, committed 95704K, reserved 1132544K
  class space    used 11277K, capacity 13235K, committed 13312K, reserved 1048576K
Event: 4908.535 GC heap after
Heap after GC invocations=37 (full 3):
 PSYoungGen      total 356352K, used 61645K [0x00000000e0000000, 0x00000000ffe00000, 0x0000000100000000)
  eden space 185856K, 0% used [0x00000000e0000000,0x00000000e0000000,0x00000000eb580000)
  from space 170496K, 36% used [0x00000000f5780000,0x00000000f93b36f8,0x00000000ffe00000)
  to   space 165888K, 0% used [0x00000000eb580000,0x00000000eb580000,0x00000000f5780000)
 ParOldGen       total 205312K, used 134691K [0x00000000a0000000, 0x00000000ac880000, 0x00000000e0000000)
  object space 205312K, 65% used [0x00000000a0000000,0x00000000a8388f38,0x00000000ac880000)
 Metaspace       used 87848K, capacity 95498K, committed 95704K, reserved 1132544K
  class space    used 11277K, capacity 13235K, committed 13312K, reserved 1048576K
}
Event: 5251.767 GC heap before
{Heap before GC invocations=38 (full 3):
 PSYoungGen      total 356352K, used 247501K [0x00000000e0000000, 0x00000000ffe00000, 0x0000000100000000)
  eden space 185856K, 100% used [0x00000000e0000000,0x00000000eb580000,0x00000000eb580000)
  from space 170496K, 36% used [0x00000000f5780000,0x00000000f93b36f8,0x00000000ffe00000)
  to   space 165888K, 0% used [0x00000000eb580000,0x00000000eb580000,0x00000000f5780000)
 ParOldGen       total 205312K, used 134691K [0x00000000a0000000, 0x00000000ac880000, 0x00000000e0000000)
  object space 205312K, 65% used [0x00000000a0000000,0x00000000a8388f38,0x00000000ac880000)
 Metaspace       used 87990K, capacity 95754K, committed 95960K, reserved 1132544K
  class space    used 11283K, capacity 13245K, committed 13312K, reserved 1048576K
Event: 5251.908 GC heap after
Heap after GC invocations=38 (full 3):
 PSYoungGen      total 239616K, used 53673K [0x00000000e0000000, 0x00000000ff280000, 0x0000000100000000)
  eden space 185856K, 0% used [0x00000000e0000000,0x00000000e0000000,0x00000000eb580000)
  from space 53760K, 99% used [0x00000000eb580000,0x00000000ee9ea6a8,0x00000000eea00000)
  to   space 161280K, 0% used [0x00000000f5500000,0x00000000f5500000,0x00000000ff280000)
 ParOldGen       total 205312K, used 137311K [0x00000000a0000000, 0x00000000ac880000, 0x00000000e0000000)
  object space 205312K, 66% used [0x00000000a0000000,0x00000000a8617f78,0x00000000ac880000)
 Metaspace       used 87990K, capacity 95754K, committed 95960K, reserved 1132544K
  class space    used 11283K, capacity 13245K, committed 13312K, reserved 1048576K
}
Event: 5266.049 GC heap before
{Heap before GC invocations=39 (full 3):
 PSYoungGen      total 239616K, used 239529K [0x00000000e0000000, 0x00000000ff280000, 0x0000000100000000)
  eden space 185856K, 100% used [0x00000000e0000000,0x00000000eb580000,0x00000000eb580000)
  from space 53760K, 99% used [0x00000000eb580000,0x00000000ee9ea6a8,0x00000000eea00000)
  to   space 161280K, 0% used [0x00000000f5500000,0x00000000f5500000,0x00000000ff280000)
 ParOldGen       total 205312K, used 137311K [0x00000000a0000000, 0x00000000ac880000, 0x00000000e0000000)
  object space 205312K, 66% used [0x00000000a0000000,0x00000000a8617f78,0x00000000ac880000)
 Metaspace       used 88144K, capacity 96022K, committed 96216K, reserved 1132544K
  class space    used 11301K, capacity 13279K, committed 13312K, reserved 1048576K
Event: 5266.431 GC heap after
Heap after GC invocations=39 (full 3):
 PSYoungGen      total 354816K, used 55827K [0x00000000e0000000, 0x00000000fff80000, 0x0000000100000000)
  eden space 193536K, 0% used [0x00000000e0000000,0x00000000e0000000,0x00000000ebd00000)
  from space 161280K, 34% used [0x00000000f5500000,0x00000000f8b84f18,0x00000000ff280000)
  to   space 155648K, 0% used [0x00000000ebd00000,0x00000000ebd00000,0x00000000f5500000)
 ParOldGen       total 205312K, used 151376K [0x00000000a0000000, 0x00000000ac880000, 0x00000000e0000000)
  object space 205312K, 73% used [0x00000000a0000000,0x00000000a93d40c0,0x00000000ac880000)
 Metaspace       used 88144K, capacity 96022K, committed 96216K, reserved 1132544K
  class space    used 11301K, capacity 13279K, committed 13312K, reserved 1048576K
}
Event: 5267.796 GC heap before
{Heap before GC invocations=40 (full 3):
 PSYoungGen      total 354816K, used 249363K [0x00000000e0000000, 0x00000000fff80000, 0x0000000100000000)
  eden space 193536K, 100% used [0x00000000e0000000,0x00000000ebd00000,0x00000000ebd00000)
  from space 161280K, 34% used [0x00000000f5500000,0x00000000f8b84f18,0x00000000ff280000)
  to   space 155648K, 0% used [0x00000000ebd00000,0x00000000ebd00000,0x00000000f5500000)
 ParOldGen       total 205312K, used 151376K [0x00000000a0000000, 0x00000000ac880000, 0x00000000e0000000)
  object space 205312K, 73% used [0x00000000a0000000,0x00000000a93d40c0,0x00000000ac880000)
 Metaspace       used 88914K, capacity 96834K, committed 97112K, reserved 1132544K
  class space    used 11380K, capacity 13383K, committed 13440K, reserved 1048576K
Event: 5267.891 GC heap after
Heap after GC invocations=40 (full 3):
 PSYoungGen      total 349184K, used 66718K [0x00000000e0000000, 0x00000000fec80000, 0x0000000100000000)
  eden space 193536K, 0% used [0x00000000e0000000,0x00000000e0000000,0x00000000ebd00000)
  from space 155648K, 42% used [0x00000000ebd00000,0x00000000efe27838,0x00000000f5500000)
  to   space 148480K, 0% used [0x00000000f5b80000,0x00000000f5b80000,0x00000000fec80000)
 ParOldGen       total 205312K, used 185030K [0x00000000a0000000, 0x00000000ac880000, 0x00000000e0000000)
  object space 205312K, 90% used [0x00000000a0000000,0x00000000ab4b1a40,0x00000000ac880000)
 Metaspace       used 88914K, capacity 96834K, committed 97112K, reserved 1132544K
  class space    used 11380K, capacity 13383K, committed 13440K, reserved 1048576K
}
Event: 5267.891 GC heap before
{Heap before GC invocations=41 (full 4):
 PSYoungGen      total 349184K, used 66718K [0x00000000e0000000, 0x00000000fec80000, 0x0000000100000000)
  eden space 193536K, 0% used [0x00000000e0000000,0x00000000e0000000,0x00000000ebd00000)
  from space 155648K, 42% used [0x00000000ebd00000,0x00000000efe27838,0x00000000f5500000)
  to   space 148480K, 0% used [0x00000000f5b80000,0x00000000f5b80000,0x00000000fec80000)
 ParOldGen       total 205312K, used 185030K [0x00000000a0000000, 0x00000000ac880000, 0x00000000e0000000)
  object space 205312K, 90% used [0x00000000a0000000,0x00000000ab4b1a40,0x00000000ac880000)
 Metaspace       used 88914K, capacity 96834K, committed 97112K, reserved 1132544K
  class space    used 11380K, capacity 13383K, committed 13440K, reserved 1048576K

