# JRE version: OpenJDK Runtime Environment (8.0_152-b02) (build 1.8.0_152-release-1024-b02)
# Java VM: OpenJDK 64-Bit Server VM (25.152-b02 mixed mode windows-amd64 compressed oops)
Heap:
 PSYoungGen      total 459776K, used 438049K [0x00000000e0000000, 0x0000000100000000, 0x0000000100000000)
  eden space 397312K, 100% used [0x00000000e0000000,0x00000000f8400000,0x00000000f8400000)
  from space 62464K, 65% used [0x00000000fc300000,0x00000000feac8598,0x0000000100000000)
  to   space 63488K, 62% used [0x00000000f8400000,0x00000000faa908b0,0x00000000fc200000)
 ParOldGen       total 200192K, used 131310K [0x00000000a0000000, 0x00000000ac380000, 0x00000000e0000000)
  object space 200192K, 65% used [0x00000000a0000000,0x00000000a803bb50,0x00000000ac380000)
 Metaspace       used 137973K, capacity 149174K, committed 149248K, reserved 1179648K
  class space    used 16778K, capacity 18909K, committed 18944K, reserved 1048576K
GC Heap History (10 events):
Event: 11434.952 GC heap after
Heap after GC invocations=98 (full 4):
 PSYoungGen      total 465920K, used 35317K [0x00000000e0000000, 0x0000000100000000, 0x0000000100000000)
  eden space 413696K, 0% used [0x00000000e0000000,0x00000000e0000000,0x00000000f9400000)
  from space 52224K, 67% used [0x00000000fcd00000,0x00000000fef7d708,0x0000000100000000)
  to   space 55296K, 0% used [0x00000000f9400000,0x00000000f9400000,0x00000000fca00000)
 ParOldGen       total 200192K, used 130806K [0x00000000a0000000, 0x00000000ac380000, 0x00000000e0000000)
  object space 200192K, 65% used [0x00000000a0000000,0x00000000a7fbdb30,0x00000000ac380000)
 Metaspace       used 128604K, capacity 139002K, committed 139136K, reserved 1171456K
  class space    used 15696K, capacity 17707K, committed 17792K, reserved 1048576K
}
Event: 11442.512 GC heap before
{Heap before GC invocations=99 (full 4):
 PSYoungGen      total 465920K, used 449013K [0x00000000e0000000, 0x0000000100000000, 0x0000000100000000)
  eden space 413696K, 100% used [0x00000000e0000000,0x00000000f9400000,0x00000000f9400000)
  from space 52224K, 67% used [0x00000000fcd00000,0x00000000fef7d708,0x0000000100000000)
  to   space 55296K, 0% used [0x00000000f9400000,0x00000000f9400000,0x00000000fca00000)
 ParOldGen       total 200192K, used 130806K [0x00000000a0000000, 0x00000000ac380000, 0x00000000e0000000)
  object space 200192K, 65% used [0x00000000a0000000,0x00000000a7fbdb30,0x00000000ac380000)
 Metaspace       used 129418K, capacity 139942K, committed 140032K, reserved 1171456K
  class space    used 15776K, capacity 17843K, committed 17920K, reserved 1048576K
Event: 11442.575 GC heap after
Heap after GC invocations=99 (full 4):
 PSYoungGen      total 449024K, used 34837K [0x00000000e0000000, 0x0000000100000000, 0x0000000100000000)
  eden space 413696K, 0% used [0x00000000e0000000,0x00000000e0000000,0x00000000f9400000)
  from space 35328K, 98% used [0x00000000f9400000,0x00000000fb6056d8,0x00000000fb680000)
  to   space 55808K, 0% used [0x00000000fc980000,0x00000000fc980000,0x0000000100000000)
 ParOldGen       total 200192K, used 130830K [0x00000000a0000000, 0x00000000ac380000, 0x00000000e0000000)
  object space 200192K, 65% used [0x00000000a0000000,0x00000000a7fc3b30,0x00000000ac380000)
 Metaspace       used 129418K, capacity 139942K, committed 140032K, reserved 1171456K
  class space    used 15776K, capacity 17843K, committed 17920K, reserved 1048576K
}
Event: 11456.292 GC heap before
{Heap before GC invocations=100 (full 4):
 PSYoungGen      total 449024K, used 448533K [0x00000000e0000000, 0x0000000100000000, 0x0000000100000000)
  eden space 413696K, 100% used [0x00000000e0000000,0x00000000f9400000,0x00000000f9400000)
  from space 35328K, 98% used [0x00000000f9400000,0x00000000fb6056d8,0x00000000fb680000)
  to   space 55808K, 0% used [0x00000000fc980000,0x00000000fc980000,0x0000000100000000)
 ParOldGen       total 200192K, used 130830K [0x00000000a0000000, 0x00000000ac380000, 0x00000000e0000000)
  object space 200192K, 65% used [0x00000000a0000000,0x00000000a7fc3b30,0x00000000ac380000)
 Metaspace       used 137543K, capacity 148740K, committed 148992K, reserved 1179648K
  class space    used 16755K, capacity 18908K, committed 18944K, reserved 1048576K
Event: 11456.520 GC heap after
Heap after GC invocations=100 (full 4):
 PSYoungGen      total 458240K, used 47543K [0x00000000e0000000, 0x0000000100000000, 0x0000000100000000)
  eden space 402432K, 0% used [0x00000000e0000000,0x00000000e0000000,0x00000000f8900000)
  from space 55808K, 85% used [0x00000000fc980000,0x00000000ff7ede70,0x0000000100000000)
  to   space 60928K, 0% used [0x00000000f8900000,0x00000000f8900000,0x00000000fc480000)
 ParOldGen       total 200192K, used 130870K [0x00000000a0000000, 0x00000000ac380000, 0x00000000e0000000)
  object space 200192K, 65% used [0x00000000a0000000,0x00000000a7fcdb30,0x00000000ac380000)
 Metaspace       used 137543K, capacity 148740K, committed 148992K, reserved 1179648K
  class space    used 16755K, capacity 18908K, committed 18944K, reserved 1048576K
}
Event: 11459.391 GC heap before
{Heap before GC invocations=101 (full 4):
 PSYoungGen      total 458240K, used 449975K [0x00000000e0000000, 0x0000000100000000, 0x0000000100000000)
  eden space 402432K, 100% used [0x00000000e0000000,0x00000000f8900000,0x00000000f8900000)
  from space 55808K, 85% used [0x00000000fc980000,0x00000000ff7ede70,0x0000000100000000)
  to   space 60928K, 0% used [0x00000000f8900000,0x00000000f8900000,0x00000000fc480000)
 ParOldGen       total 200192K, used 130870K [0x00000000a0000000, 0x00000000ac380000, 0x00000000e0000000)
  object space 200192K, 65% used [0x00000000a0000000,0x00000000a7fcdb30,0x00000000ac380000)
 Metaspace       used 137802K, capacity 148960K, committed 149248K, reserved 1179648K
  class space    used 16766K, capacity 18908K, committed 18944K, reserved 1048576K
Event: 11459.512 GC heap after
Heap after GC invocations=101 (full 4):
 PSYoungGen      total 443904K, used 41211K [0x00000000e0000000, 0x0000000100000000, 0x0000000100000000)
  eden space 402432K, 0% used [0x00000000e0000000,0x00000000e0000000,0x00000000f8900000)
  from space 41472K, 99% used [0x00000000f8900000,0x00000000fb13ec88,0x00000000fb180000)
  to   space 62464K, 0% used [0x00000000fc300000,0x00000000fc300000,0x0000000100000000)
 ParOldGen       total 200192K, used 130926K [0x00000000a0000000, 0x00000000ac380000, 0x00000000e0000000)
  object space 200192K, 65% used [0x00000000a0000000,0x00000000a7fdbb30,0x00000000ac380000)
 Metaspace       used 137802K, capacity 148960K, committed 149248K, reserved 1179648K
  class space    used 16766K, capacity 18908K, committed 18944K, reserved 1048576K
}
Event: 11461.363 GC heap before
{Heap before GC invocations=102 (full 4):
 PSYoungGen      total 443904K, used 443643K [0x00000000e0000000, 0x0000000100000000, 0x0000000100000000)
  eden space 402432K, 100% used [0x00000000e0000000,0x00000000f8900000,0x00000000f8900000)
  from space 41472K, 99% used [0x00000000f8900000,0x00000000fb13ec88,0x00000000fb180000)
  to   space 62464K, 0% used [0x00000000fc300000,0x00000000fc300000,0x0000000100000000)
 ParOldGen       total 200192K, used 130926K [0x00000000a0000000, 0x00000000ac380000, 0x00000000e0000000)
  object space 200192K, 65% used [0x00000000a0000000,0x00000000a7fdbb30,0x00000000ac380000)
 Metaspace       used 137859K, capacity 149036K, committed 149248K, reserved 1179648K
  class space    used 16767K, capacity 18908K, committed 18944K, reserved 1048576K
Event: 11461.438 GC heap after
Heap after GC invocations=102 (full 4):
 PSYoungGen      total 459776K, used 40737K [0x00000000e0000000, 0x0000000100000000, 0x0000000100000000)
  eden space 397312K, 0% used [0x00000000e0000000,0x00000000e0000000,0x00000000f8400000)
  from space 62464K, 65% used [0x00000000fc300000,0x00000000feac8598,0x0000000100000000)
  to   space 63488K, 0% used [0x00000000f8400000,0x00000000f8400000,0x00000000fc200000)
 ParOldGen       total 200192K, used 130974K [0x00000000a0000000, 0x00000000ac380000, 0x00000000e0000000)
  object space 200192K, 65% used [0x00000000a0000000,0x00000000a7fe7b30,0x00000000ac380000)
 Metaspace       used 137859K, capacity 149036K, committed 149248K, reserved 1179648K
  class space    used 16767K, capacity 18908K, committed 18944K, reserved 1048576K
}
Event: 11464.036 GC heap before
{Heap before GC invocations=103 (full 4):
 PSYoungGen      total 459776K, used 438049K [0x00000000e0000000, 0x0000000100000000, 0x0000000100000000)
  eden space 397312K, 100% used [0x00000000e0000000,0x00000000f8400000,0x00000000f8400000)
  from space 62464K, 65% used [0x00000000fc300000,0x00000000feac8598,0x0000000100000000)
  to   space 63488K, 0% used [0x00000000f8400000,0x00000000f8400000,0x00000000fc200000)
 ParOldGen       total 200192K, used 130974K [0x00000000a0000000, 0x00000000ac380000, 0x00000000e0000000)
  object space 200192K, 65% used [0x00000000a0000000,0x00000000a7fe7b30,0x00000000ac380000)
 Metaspace       used 137973K, capacity 149174K, committed 149248K, reserved 1179648K
  class space    used 16778K, capacity 18909K, committed 18944K, reserved 1048576K

