# JRE version: OpenJDK Runtime Environment (8.0_152-b02) (build 1.8.0_152-release-1024-b02)
# Java VM: OpenJDK 64-Bit Server VM (25.152-b02 mixed mode windows-amd64 compressed oops)
Heap:
 PSYoungGen      total 444928K, used 239572K [0x00000000e0000000, 0x00000000ffa00000, 0x0000000100000000)
  eden space 379904K, 63% used [0x00000000e0000000,0x00000000ee9d51d0,0x00000000f7300000)
  from space 65024K, 0% used [0x00000000fba80000,0x00000000fbaa0000,0x00000000ffa00000)
  to   space 69120K, 0% used [0x00000000f7300000,0x00000000f7300000,0x00000000fb680000)
 ParOldGen       total 306176K, used 136191K [0x00000000a0000000, 0x00000000b2b00000, 0x00000000e0000000)
  object space 306176K, 44% used [0x00000000a0000000,0x00000000a84ffd18,0x00000000b2b00000)
 Metaspace       used 103702K, capacity 111348K, committed 115968K, reserved 1150976K
  class space    used 12731K, capacity 14432K, committed 15104K, reserved 1048576K
GC Heap History (10 events):
Event: 14215.393 GC heap before
{Heap before GC invocations=145 (full 7):
 PSYoungGen      total 379904K, used 379824K [0x00000000e0000000, 0x00000000ff800000, 0x0000000100000000)
  eden space 373760K, 100% used [0x00000000e0000000,0x00000000f6d00000,0x00000000f6d00000)
  from space 6144K, 98% used [0x00000000f6d00000,0x00000000f72ec268,0x00000000f7300000)
  to   space 71168K, 0% used [0x00000000fb280000,0x00000000fb280000,0x00000000ff800000)
 ParOldGen       total 306176K, used 110317K [0x00000000a0000000, 0x00000000b2b00000, 0x00000000e0000000)
  object space 306176K, 36% used [0x00000000a0000000,0x00000000a6bbb508,0x00000000b2b00000)
 Metaspace       used 103665K, capacity 111348K, committed 115968K, reserved 1150976K
  class space    used 12731K, capacity 14432K, committed 15104K, reserved 1048576K
Event: 14215.441 GC heap after
Heap after GC invocations=145 (full 7):
 PSYoungGen      total 434688K, used 57621K [0x00000000e0000000, 0x0000000100000000, 0x0000000100000000)
  eden space 363520K, 0% used [0x00000000e0000000,0x00000000e0000000,0x00000000f6300000)
  from space 71168K, 80% used [0x00000000fb280000,0x00000000feac5448,0x00000000ff800000)
  to   space 80384K, 0% used [0x00000000f6300000,0x00000000f6300000,0x00000000fb180000)
 ParOldGen       total 306176K, used 111217K [0x00000000a0000000, 0x00000000b2b00000, 0x00000000e0000000)
  object space 306176K, 36% used [0x00000000a0000000,0x00000000a6c9c528,0x00000000b2b00000)
 Metaspace       used 103665K, capacity 111348K, committed 115968K, reserved 1150976K
  class space    used 12731K, capacity 14432K, committed 15104K, reserved 1048576K
}
Event: 14225.403 GC heap before
{Heap before GC invocations=146 (full 7):
 PSYoungGen      total 434688K, used 421141K [0x00000000e0000000, 0x0000000100000000, 0x0000000100000000)
  eden space 363520K, 100% used [0x00000000e0000000,0x00000000f6300000,0x00000000f6300000)
  from space 71168K, 80% used [0x00000000fb280000,0x00000000feac5448,0x00000000ff800000)
  to   space 80384K, 0% used [0x00000000f6300000,0x00000000f6300000,0x00000000fb180000)
 ParOldGen       total 306176K, used 111217K [0x00000000a0000000, 0x00000000b2b00000, 0x00000000e0000000)
  object space 306176K, 36% used [0x00000000a0000000,0x00000000a6c9c528,0x00000000b2b00000)
 Metaspace       used 103688K, capacity 111348K, committed 115968K, reserved 1150976K
  class space    used 12731K, capacity 14432K, committed 15104K, reserved 1048576K
Event: 14225.413 GC heap after
Heap after GC invocations=146 (full 7):
 PSYoungGen      total 443904K, used 7593K [0x00000000e0000000, 0x0000000100000000, 0x0000000100000000)
  eden space 363520K, 0% used [0x00000000e0000000,0x00000000e0000000,0x00000000f6300000)
  from space 80384K, 9% used [0x00000000f6300000,0x00000000f6a6a598,0x00000000fb180000)
  to   space 77312K, 0% used [0x00000000fb480000,0x00000000fb480000,0x0000000100000000)
 ParOldGen       total 306176K, used 116938K [0x00000000a0000000, 0x00000000b2b00000, 0x00000000e0000000)
  object space 306176K, 38% used [0x00000000a0000000,0x00000000a7232ba8,0x00000000b2b00000)
 Metaspace       used 103688K, capacity 111348K, committed 115968K, reserved 1150976K
  class space    used 12731K, capacity 14432K, committed 15104K, reserved 1048576K
}
Event: 14225.671 GC heap before
{Heap before GC invocations=147 (full 7):
 PSYoungGen      total 443904K, used 370625K [0x00000000e0000000, 0x0000000100000000, 0x0000000100000000)
  eden space 363520K, 99% used [0x00000000e0000000,0x00000000f6286008,0x00000000f6300000)
  from space 80384K, 9% used [0x00000000f6300000,0x00000000f6a6a598,0x00000000fb180000)
  to   space 77312K, 0% used [0x00000000fb480000,0x00000000fb480000,0x0000000100000000)
 ParOldGen       total 306176K, used 116938K [0x00000000a0000000, 0x00000000b2b00000, 0x00000000e0000000)
  object space 306176K, 38% used [0x00000000a0000000,0x00000000a7232ba8,0x00000000b2b00000)
 Metaspace       used 103688K, capacity 111348K, committed 115968K, reserved 1150976K
  class space    used 12731K, capacity 14432K, committed 15104K, reserved 1048576K
Event: 14225.678 GC heap after
Heap after GC invocations=147 (full 7):
 PSYoungGen      total 432640K, used 13925K [0x00000000e0000000, 0x00000000ff500000, 0x0000000100000000)
  eden space 366592K, 0% used [0x00000000e0000000,0x00000000e0000000,0x00000000f6600000)
  from space 66048K, 21% used [0x00000000fb480000,0x00000000fc2196f0,0x00000000ff500000)
  to   space 73216K, 0% used [0x00000000f6600000,0x00000000f6600000,0x00000000fad80000)
 ParOldGen       total 306176K, used 122786K [0x00000000a0000000, 0x00000000b2b00000, 0x00000000e0000000)
  object space 306176K, 40% used [0x00000000a0000000,0x00000000a77e8b60,0x00000000b2b00000)
 Metaspace       used 103688K, capacity 111348K, committed 115968K, reserved 1150976K
  class space    used 12731K, capacity 14432K, committed 15104K, reserved 1048576K
}
Event: 14225.806 GC heap before
{Heap before GC invocations=148 (full 7):
 PSYoungGen      total 432640K, used 380065K [0x00000000e0000000, 0x00000000ff500000, 0x0000000100000000)
  eden space 366592K, 99% used [0x00000000e0000000,0x00000000f658eff8,0x00000000f6600000)
  from space 66048K, 21% used [0x00000000fb480000,0x00000000fc2196f0,0x00000000ff500000)
  to   space 73216K, 0% used [0x00000000f6600000,0x00000000f6600000,0x00000000fad80000)
 ParOldGen       total 306176K, used 122786K [0x00000000a0000000, 0x00000000b2b00000, 0x00000000e0000000)
  object space 306176K, 40% used [0x00000000a0000000,0x00000000a77e8b60,0x00000000b2b00000)
 Metaspace       used 103688K, capacity 111348K, committed 115968K, reserved 1150976K
  class space    used 12731K, capacity 14432K, committed 15104K, reserved 1048576K
Event: 14225.811 GC heap after
Heap after GC invocations=148 (full 7):
 PSYoungGen      total 439808K, used 128K [0x00000000e0000000, 0x0000000100000000, 0x0000000100000000)
  eden space 366592K, 0% used [0x00000000e0000000,0x00000000e0000000,0x00000000f6600000)
  from space 73216K, 0% used [0x00000000f6600000,0x00000000f6620000,0x00000000fad80000)
  to   space 71168K, 0% used [0x00000000fba80000,0x00000000fba80000,0x0000000100000000)
 ParOldGen       total 306176K, used 136143K [0x00000000a0000000, 0x00000000b2b00000, 0x00000000e0000000)
  object space 306176K, 44% used [0x00000000a0000000,0x00000000a84f3d18,0x00000000b2b00000)
 Metaspace       used 103688K, capacity 111348K, committed 115968K, reserved 1150976K
  class space    used 12731K, capacity 14432K, committed 15104K, reserved 1048576K
}
Event: 14225.952 GC heap before
{Heap before GC invocations=149 (full 7):
 PSYoungGen      total 439808K, used 366519K [0x00000000e0000000, 0x0000000100000000, 0x0000000100000000)
  eden space 366592K, 99% used [0x00000000e0000000,0x00000000f65cdf98,0x00000000f6600000)
  from space 73216K, 0% used [0x00000000f6600000,0x00000000f6620000,0x00000000fad80000)
  to   space 71168K, 0% used [0x00000000fba80000,0x00000000fba80000,0x0000000100000000)
 ParOldGen       total 306176K, used 136143K [0x00000000a0000000, 0x00000000b2b00000, 0x00000000e0000000)
  object space 306176K, 44% used [0x00000000a0000000,0x00000000a84f3d18,0x00000000b2b00000)
 Metaspace       used 103688K, capacity 111348K, committed 115968K, reserved 1150976K
  class space    used 12731K, capacity 14432K, committed 15104K, reserved 1048576K
Event: 14225.955 GC heap after
Heap after GC invocations=149 (full 7):
 PSYoungGen      total 444928K, used 128K [0x00000000e0000000, 0x00000000ffa00000, 0x0000000100000000)
  eden space 379904K, 0% used [0x00000000e0000000,0x00000000e0000000,0x00000000f7300000)
  from space 65024K, 0% used [0x00000000fba80000,0x00000000fbaa0000,0x00000000ffa00000)
  to   space 69120K, 0% used [0x00000000f7300000,0x00000000f7300000,0x00000000fb680000)
 ParOldGen       total 306176K, used 136191K [0x00000000a0000000, 0x00000000b2b00000, 0x00000000e0000000)
  object space 306176K, 44% used [0x00000000a0000000,0x00000000a84ffd18,0x00000000b2b00000)
 Metaspace       used 103688K, capacity 111348K, committed 115968K, reserved 1150976K
  class space    used 12731K, capacity 14432K, committed 15104K, reserved 1048576K
}

